<?xml version="1.0" encoding="UTF-8"?>
<!-- Generated by org.testng.reporters.JUnitReportReporter -->
<testsuite hostname="DESKTOP-6581DCU" failures="0" tests="1" name="com.sunmobility.qa.Testcases.LoginTest" time="88.761" errors="0" timestamp="2020-10-05T10:24:11 IST" skipped="0">
  <testcase classname="com.sunmobility.qa.Testcases.LoginTest" name="LoginTest" time="88.761"/>
  <system-out/>
</testsuite> <!-- com.sunmobility.qa.Testcases.LoginTest -->
